<?xml version="1.0" encoding="UTF-8"?>
<testsuite name="com.epam.qa.learn.FindTextUtilTest" tests="2" skipped="0" failures="0" errors="0" timestamp="2021-08-25T08:47:09" hostname="EPBYMINW0614" time="0.051">
  <properties/>
  <testcase name="findAndReplaceTest()" classname="com.epam.qa.learn.FindTextUtilTest" time="0.05"/>
  <testcase name="findAndReplaceNegativeTest()" classname="com.epam.qa.learn.FindTextUtilTest" time="0.0"/>
  <system-out><![CDATA[]]></system-out>
  <system-err><![CDATA[]]></system-err>
</testsuite>
